<?xml version="1.0" encoding="UTF-8"?>
<coverage generated="1754501227634" clover="3.2.0">
  <project timestamp="1754501227634" name="All files">
    <metrics statements="209" coveredstatements="158" conditionals="111" coveredconditionals="70" methods="64" coveredmethods="57" elements="384" coveredelements="285" complexity="0" loc="209" ncloc="209" packages="2" files="3" classes="3"/>
    <package name="application.use_cases">
      <metrics statements="15" coveredstatements="13" conditionals="3" coveredconditionals="1" methods="3" coveredmethods="3"/>
      <file name="ExtractConceptsUseCase.ts" path="/Users/jessicadoner/Projects/research-papers/research-paper-discovery-web/src/application/use_cases/ExtractConceptsUseCase.ts">
        <metrics statements="15" coveredstatements="13" conditionals="3" coveredconditionals="1" methods="3" coveredmethods="3"/>
        <line num="32" count="5" type="stmt"/>
        <line num="34" count="4" type="stmt"/>
        <line num="35" count="4" type="stmt"/>
        <line num="36" count="4" type="stmt"/>
        <line num="46" count="2" type="stmt"/>
        <line num="48" count="2" type="stmt"/>
        <line num="50" count="2" type="stmt"/>
        <line num="52" count="2" type="cond" truecount="1" falsecount="0"/>
        <line num="53" count="1" type="stmt"/>
        <line num="54" count="1" type="stmt"/>
        <line num="63" count="1" type="stmt"/>
        <line num="65" count="1" type="stmt"/>
        <line num="71" count="0" type="stmt"/>
        <line num="72" count="0" type="stmt"/>
        <line num="89" count="1" type="stmt"/>
      </file>
    </package>
    <package name="domain.entities">
      <metrics statements="194" coveredstatements="145" conditionals="108" coveredconditionals="69" methods="61" coveredmethods="54"/>
      <file name="ConceptNode.ts" path="/Users/jessicadoner/Projects/research-papers/research-paper-discovery-web/src/domain/entities/ConceptNode.ts">
        <metrics statements="77" coveredstatements="72" conditionals="28" coveredconditionals="24" methods="30" coveredmethods="29"/>
        <line num="34" count="41" type="stmt"/>
        <line num="40" count="41" type="stmt"/>
        <line num="41" count="41" type="stmt"/>
        <line num="64" count="41" type="cond" truecount="3" falsecount="0"/>
        <line num="65" count="1" type="stmt"/>
        <line num="68" count="40" type="cond" truecount="3" falsecount="0"/>
        <line num="69" count="1" type="stmt"/>
        <line num="72" count="39" type="cond" truecount="1" falsecount="0"/>
        <line num="73" count="1" type="stmt"/>
        <line num="76" count="38" type="stmt"/>
        <line num="77" count="38" type="stmt"/>
        <line num="78" count="38" type="stmt"/>
        <line num="79" count="38" type="stmt"/>
        <line num="80" count="38" type="stmt"/>
        <line num="81" count="38" type="stmt"/>
        <line num="85" count="2" type="stmt"/>
        <line num="86" count="2" type="stmt"/>
        <line num="87" count="1" type="stmt"/>
        <line num="88" count="4" type="stmt"/>
        <line num="89" count="4" type="stmt"/>
        <line num="90" count="5" type="stmt"/>
        <line num="91" count="1" type="stmt"/>
        <line num="92" count="3" type="stmt"/>
        <line num="93" count="0" type="stmt"/>
        <line num="103" count="2" type="cond" truecount="2" falsecount="1"/>
        <line num="104" count="0" type="stmt"/>
        <line num="106" count="2" type="stmt"/>
        <line num="117" count="2" type="stmt"/>
        <line num="118" count="2" type="stmt"/>
        <line num="119" count="14" type="stmt"/>
        <line num="120" count="14" type="stmt"/>
        <line num="121" count="14" type="stmt"/>
        <line num="123" count="2" type="stmt"/>
        <line num="135" count="8" type="cond" truecount="2" falsecount="1"/>
        <line num="136" count="0" type="stmt"/>
        <line num="139" count="8" type="stmt"/>
        <line num="140" count="8" type="cond" truecount="1" falsecount="0"/>
        <line num="141" count="1" type="stmt"/>
        <line num="144" count="7" type="cond" truecount="1" falsecount="0"/>
        <line num="145" count="6" type="stmt"/>
        <line num="157" count="1" type="stmt"/>
        <line num="158" count="1" type="cond" truecount="1" falsecount="0"/>
        <line num="159" count="1" type="stmt"/>
        <line num="172" count="3" type="cond" truecount="2" falsecount="1"/>
        <line num="173" count="0" type="stmt"/>
        <line num="176" count="3" type="cond" truecount="1" falsecount="0"/>
        <line num="177" count="1" type="stmt"/>
        <line num="180" count="2" type="stmt"/>
        <line num="181" count="2" type="stmt"/>
        <line num="188" count="1" type="stmt"/>
        <line num="189" count="1" type="stmt"/>
        <line num="196" count="4" type="stmt"/>
        <line num="203" count="3" type="stmt"/>
        <line num="214" count="15" type="cond" truecount="2" falsecount="1"/>
        <line num="215" count="0" type="stmt"/>
        <line num="218" count="15" type="cond" truecount="3" falsecount="0"/>
        <line num="219" count="2" type="stmt"/>
        <line num="222" count="13" type="stmt"/>
        <line num="229" count="2" type="stmt"/>
        <line num="240" count="4" type="cond" truecount="1" falsecount="0"/>
        <line num="241" count="1" type="stmt"/>
        <line num="244" count="3" type="stmt"/>
        <line num="245" count="5" type="stmt"/>
        <line num="247" count="3" type="stmt"/>
        <line num="258" count="2" type="stmt"/>
        <line num="259" count="6" type="stmt"/>
        <line num="260" count="3" type="stmt"/>
        <line num="271" count="7" type="stmt"/>
        <line num="283" count="1" type="stmt"/>
        <line num="284" count="1" type="stmt"/>
        <line num="285" count="1" type="stmt"/>
        <line num="288" count="1" type="stmt"/>
        <line num="290" count="1" type="stmt"/>
        <line num="301" count="1" type="stmt"/>
        <line num="302" count="2" type="stmt"/>
        <line num="303" count="2" type="stmt"/>
        <line num="311" count="1" type="stmt"/>
      </file>
      <file name="Paper.ts" path="/Users/jessicadoner/Projects/research-papers/research-paper-discovery-web/src/domain/entities/Paper.ts">
        <metrics statements="117" coveredstatements="73" conditionals="80" coveredconditionals="45" methods="31" coveredmethods="25"/>
        <line num="44" count="1" type="stmt"/>
        <line num="49" count="1" type="stmt"/>
        <line num="55" count="1" type="stmt"/>
        <line num="90" count="11" type="stmt"/>
        <line num="101" count="10" type="stmt"/>
        <line num="102" count="10" type="stmt"/>
        <line num="119" count="10" type="cond" truecount="2" falsecount="1"/>
        <line num="120" count="0" type="stmt"/>
        <line num="133" count="10" type="cond" truecount="2" falsecount="1"/>
        <line num="134" count="0" type="stmt"/>
        <line num="137" count="10" type="stmt"/>
        <line num="138" count="16" type="cond" truecount="3" falsecount="0"/>
        <line num="139" count="1" type="stmt"/>
        <line num="153" count="9" type="cond" truecount="2" falsecount="1"/>
        <line num="154" count="0" type="stmt"/>
        <line num="167" count="9" type="cond" truecount="2" falsecount="1"/>
        <line num="168" count="0" type="stmt"/>
        <line num="185" count="10" type="stmt"/>
        <line num="186" count="10" type="stmt"/>
        <line num="187" count="9" type="stmt"/>
        <line num="188" count="9" type="stmt"/>
        <line num="191" count="9" type="cond" truecount="2" falsecount="0"/>
        <line num="192" count="9" type="cond" truecount="2" falsecount="0"/>
        <line num="193" count="9" type="stmt"/>
        <line num="194" count="9" type="stmt"/>
        <line num="195" count="9" type="cond" truecount="2" falsecount="0"/>
        <line num="196" count="9" type="stmt"/>
        <line num="197" count="9" type="cond" truecount="2" falsecount="0"/>
        <line num="198" count="9" type="cond" truecount="2" falsecount="0"/>
        <line num="199" count="9" type="cond" truecount="2" falsecount="0"/>
        <line num="200" count="9" type="stmt"/>
        <line num="212" count="9" type="cond" truecount="2" falsecount="1"/>
        <line num="213" count="0" type="stmt"/>
        <line num="216" count="9" type="stmt"/>
        <line num="231" count="1" type="cond" truecount="2" falsecount="1"/>
        <line num="232" count="0" type="stmt"/>
        <line num="235" count="1" type="stmt"/>
        <line num="251" count="1" type="cond" truecount="4" falsecount="1"/>
        <line num="253" count="1" type="stmt"/>
        <line num="256" count="0" type="cond" truecount="0" falsecount="3"/>
        <line num="257" count="0" type="stmt"/>
        <line num="260" count="0" type="cond" truecount="0" falsecount="3"/>
        <line num="261" count="0" type="stmt"/>
        <line num="265" count="0" type="stmt"/>
        <line num="266" count="0" type="cond" truecount="0" falsecount="1"/>
        <line num="267" count="0" type="stmt"/>
        <line num="270" count="0" type="stmt"/>
        <line num="271" count="0" type="stmt"/>
        <line num="273" count="0" type="stmt"/>
        <line num="283" count="2" type="stmt"/>
        <line num="290" count="2" type="stmt"/>
        <line num="297" count="1" type="stmt"/>
        <line num="304" count="1" type="stmt"/>
        <line num="311" count="2" type="stmt"/>
        <line num="318" count="1" type="stmt"/>
        <line num="325" count="0" type="stmt"/>
        <line num="332" count="0" type="cond" truecount="0" falsecount="2"/>
        <line num="339" count="0" type="cond" truecount="0" falsecount="2"/>
        <line num="346" count="0" type="cond" truecount="0" falsecount="2"/>
        <line num="353" count="2" type="stmt"/>
        <line num="360" count="2" type="stmt"/>
        <line num="361" count="2" type="cond" truecount="0" falsecount="1"/>
        <line num="362" count="0" type="stmt"/>
        <line num="366" count="2" type="cond" truecount="2" falsecount="0"/>
        <line num="367" count="2" type="cond" truecount="1" falsecount="0"/>
        <line num="368" count="1" type="stmt"/>
        <line num="371" count="1" type="stmt"/>
        <line num="379" count="2" type="stmt"/>
        <line num="386" count="2" type="stmt"/>
        <line num="393" count="1" type="stmt"/>
        <line num="398" count="1" type="cond" truecount="2" falsecount="0"/>
        <line num="405" count="2" type="stmt"/>
        <line num="406" count="2" type="stmt"/>
        <line num="409" count="2" type="cond" truecount="0" falsecount="1"/>
        <line num="410" count="0" type="stmt"/>
        <line num="411" count="0" type="stmt"/>
        <line num="415" count="2" type="cond" truecount="0" falsecount="1"/>
        <line num="416" count="0" type="stmt"/>
        <line num="419" count="2" type="cond" truecount="2" falsecount="1"/>
        <line num="420" count="0" type="stmt"/>
        <line num="424" count="2" type="cond" truecount="1" falsecount="0"/>
        <line num="425" count="2" type="stmt"/>
        <line num="426" count="2" type="cond" truecount="2" falsecount="1"/>
        <line num="427" count="0" type="stmt"/>
        <line num="428" count="0" type="stmt"/>
        <line num="433" count="2" type="stmt"/>
        <line num="450" count="1" type="cond" truecount="1" falsecount="1"/>
        <line num="454" count="1" type="stmt"/>
        <line num="457" count="1" type="stmt"/>
        <line num="459" count="1" type="cond" truecount="1" falsecount="0"/>
        <line num="461" count="1" type="stmt"/>
        <line num="465" count="0" type="cond" truecount="0" falsecount="2"/>
        <line num="466" count="0" type="stmt"/>
        <line num="468" count="0" type="stmt"/>
        <line num="469" count="0" type="stmt"/>
        <line num="475" count="0" type="cond" truecount="0" falsecount="2"/>
        <line num="476" count="0" type="stmt"/>
        <line num="478" count="0" type="stmt"/>
        <line num="482" count="0" type="stmt"/>
        <line num="494" count="1" type="stmt"/>
        <line num="501" count="1" type="cond" truecount="0" falsecount="1"/>
        <line num="502" count="0" type="stmt"/>
        <line num="505" count="1" type="stmt"/>
        <line num="512" count="0" type="cond" truecount="0" falsecount="2"/>
        <line num="516" count="0" type="stmt"/>
        <line num="532" count="0" type="stmt"/>
        <line num="533" count="0" type="stmt"/>
        <line num="534" count="0" type="stmt"/>
        <line num="535" count="0" type="stmt"/>
        <line num="536" count="0" type="stmt"/>
        <line num="538" count="0" type="stmt"/>
        <line num="550" count="2" type="stmt"/>
        <line num="551" count="2" type="stmt"/>
        <line num="552" count="36" type="stmt"/>
        <line num="553" count="36" type="stmt"/>
        <line num="554" count="36" type="stmt"/>
        <line num="556" count="2" type="stmt"/>
      </file>
    </package>
  </project>
</coverage>
