{"/Users/jessicadoner/Projects/research-papers/research-paper-discovery-web/src/application/use_cases/ExtractConceptsUseCase.ts": {"path":"/Users/jessicadoner/Projects/research-papers/research-paper-discovery-web/src/application/use_cases/ExtractConceptsUseCase.ts","statementMap":{"0":{"start":{"line":32,"column":13},"end":{"line":32,"column":null}},"1":{"start":{"line":34,"column":25},"end":{"line":34,"column":61}},"2":{"start":{"line":35,"column":25},"end":{"line":35,"column":65}},"3":{"start":{"line":36,"column":25},"end":{"line":36,"column":64}},"4":{"start":{"line":46,"column":26},"end":{"line":46,"column":null}},"5":{"start":{"line":48,"column":8},"end":{"line":78,"column":null}},"6":{"start":{"line":50,"column":26},"end":{"line":50,"column":null}},"7":{"start":{"line":52,"column":12},"end":{"line":60,"column":null}},"8":{"start":{"line":53,"column":32},"end":{"line":53,"column":null}},"9":{"start":{"line":54,"column":16},"end":{"line":59,"column":null}},"10":{"start":{"line":63,"column":28},"end":{"line":63,"column":null}},"11":{"start":{"line":65,"column":12},"end":{"line":69,"column":null}},"12":{"start":{"line":71,"column":28},"end":{"line":71,"column":null}},"13":{"start":{"line":72,"column":12},"end":{"line":77,"column":null}},"14":{"start":{"line":89,"column":8},"end":{"line":89,"column":null}}},"fnMap":{"0":{"name":"(anonymous_1)","decl":{"start":{"line":33,"column":4},"end":{"line":33,"column":null}},"loc":{"start":{"line":37,"column":6},"end":{"line":37,"column":null}}},"1":{"name":"(anonymous_2)","decl":{"start":{"line":45,"column":4},"end":{"line":45,"column":10}},"loc":{"start":{"line":45,"column":83},"end":{"line":79,"column":null}}},"2":{"name":"(anonymous_3)","decl":{"start":{"line":87,"column":4},"end":{"line":87,"column":10}},"loc":{"start":{"line":87,"column":98},"end":{"line":90,"column":null}}}},"branchMap":{"0":{"loc":{"start":{"line":52,"column":12},"end":{"line":60,"column":null}},"type":"if","locations":[{"start":{"line":52,"column":12},"end":{"line":60,"column":null}}]},"1":{"loc":{"start":{"line":76,"column":23},"end":{"line":76,"column":null}},"type":"cond-expr","locations":[{"start":{"line":76,"column":48},"end":{"line":76,"column":61}},{"start":{"line":76,"column":64},"end":{"line":76,"column":null}}]}},"s":{"0":5,"1":4,"2":4,"3":4,"4":2,"5":2,"6":2,"7":2,"8":1,"9":1,"10":1,"11":1,"12":0,"13":0,"14":1},"f":{"0":4,"1":2,"2":1},"b":{"0":[1],"1":[0,0]}}
,"/Users/jessicadoner/Projects/research-papers/research-paper-discovery-web/src/domain/entities/ConceptNode.ts": {"path":"/Users/jessicadoner/Projects/research-papers/research-paper-discovery-web/src/domain/entities/ConceptNode.ts","statementMap":{"0":{"start":{"line":34,"column":13},"end":{"line":34,"column":null}},"1":{"start":{"line":40,"column":21},"end":{"line":40,"column":null}},"2":{"start":{"line":41,"column":21},"end":{"line":41,"column":null}},"3":{"start":{"line":64,"column":8},"end":{"line":66,"column":null}},"4":{"start":{"line":65,"column":12},"end":{"line":65,"column":null}},"5":{"start":{"line":68,"column":8},"end":{"line":70,"column":null}},"6":{"start":{"line":69,"column":12},"end":{"line":69,"column":null}},"7":{"start":{"line":72,"column":8},"end":{"line":74,"column":null}},"8":{"start":{"line":73,"column":12},"end":{"line":73,"column":null}},"9":{"start":{"line":76,"column":8},"end":{"line":76,"column":null}},"10":{"start":{"line":77,"column":8},"end":{"line":77,"column":null}},"11":{"start":{"line":78,"column":8},"end":{"line":78,"column":null}},"12":{"start":{"line":79,"column":8},"end":{"line":79,"column":null}},"13":{"start":{"line":80,"column":8},"end":{"line":80,"column":null}},"14":{"start":{"line":81,"column":8},"end":{"line":81,"column":null}},"15":{"start":{"line":85,"column":23},"end":{"line":85,"column":40}},"16":{"start":{"line":86,"column":26},"end":{"line":86,"column":46}},"17":{"start":{"line":87,"column":39},"end":{"line":87,"column":63}},"18":{"start":{"line":88,"column":41},"end":{"line":88,"column":64}},"19":{"start":{"line":89,"column":35},"end":{"line":89,"column":64}},"20":{"start":{"line":90,"column":31},"end":{"line":90,"column":59}},"21":{"start":{"line":91,"column":34},"end":{"line":91,"column":65}},"22":{"start":{"line":92,"column":31},"end":{"line":92,"column":61}},"23":{"start":{"line":93,"column":28},"end":{"line":93,"column":72}},"24":{"start":{"line":103,"column":8},"end":{"line":105,"column":null}},"25":{"start":{"line":104,"column":12},"end":{"line":104,"column":null}},"26":{"start":{"line":106,"column":8},"end":{"line":106,"column":null}},"27":{"start":{"line":117,"column":19},"end":{"line":117,"column":null}},"28":{"start":{"line":118,"column":8},"end":{"line":122,"column":null}},"29":{"start":{"line":118,"column":21},"end":{"line":118,"column":24}},"30":{"start":{"line":119,"column":25},"end":{"line":119,"column":null}},"31":{"start":{"line":120,"column":12},"end":{"line":120,"column":null}},"32":{"start":{"line":121,"column":12},"end":{"line":121,"column":32}},"33":{"start":{"line":123,"column":8},"end":{"line":123,"column":null}},"34":{"start":{"line":135,"column":8},"end":{"line":137,"column":null}},"35":{"start":{"line":136,"column":12},"end":{"line":136,"column":null}},"36":{"start":{"line":139,"column":31},"end":{"line":139,"column":null}},"37":{"start":{"line":140,"column":8},"end":{"line":142,"column":null}},"38":{"start":{"line":141,"column":12},"end":{"line":141,"column":null}},"39":{"start":{"line":144,"column":8},"end":{"line":146,"column":null}},"40":{"start":{"line":145,"column":12},"end":{"line":145,"column":null}},"41":{"start":{"line":157,"column":22},"end":{"line":157,"column":null}},"42":{"start":{"line":158,"column":8},"end":{"line":160,"column":null}},"43":{"start":{"line":159,"column":12},"end":{"line":159,"column":null}},"44":{"start":{"line":172,"column":8},"end":{"line":174,"column":null}},"45":{"start":{"line":173,"column":12},"end":{"line":173,"column":null}},"46":{"start":{"line":176,"column":8},"end":{"line":178,"column":null}},"47":{"start":{"line":177,"column":12},"end":{"line":177,"column":null}},"48":{"start":{"line":180,"column":8},"end":{"line":180,"column":null}},"49":{"start":{"line":181,"column":8},"end":{"line":181,"column":null}},"50":{"start":{"line":188,"column":8},"end":{"line":188,"column":null}},"51":{"start":{"line":189,"column":8},"end":{"line":189,"column":null}},"52":{"start":{"line":196,"column":8},"end":{"line":196,"column":null}},"53":{"start":{"line":203,"column":8},"end":{"line":203,"column":null}},"54":{"start":{"line":214,"column":8},"end":{"line":216,"column":null}},"55":{"start":{"line":215,"column":12},"end":{"line":215,"column":null}},"56":{"start":{"line":218,"column":8},"end":{"line":220,"column":null}},"57":{"start":{"line":219,"column":12},"end":{"line":219,"column":null}},"58":{"start":{"line":222,"column":8},"end":{"line":222,"column":null}},"59":{"start":{"line":229,"column":8},"end":{"line":229,"column":null}},"60":{"start":{"line":240,"column":8},"end":{"line":242,"column":null}},"61":{"start":{"line":241,"column":12},"end":{"line":241,"column":null}},"62":{"start":{"line":244,"column":32},"end":{"line":245,"column":null}},"63":{"start":{"line":245,"column":41},"end":{"line":245,"column":59}},"64":{"start":{"line":247,"column":8},"end":{"line":247,"column":null}},"65":{"start":{"line":258,"column":8},"end":{"line":260,"column":null}},"66":{"start":{"line":259,"column":40},"end":{"line":259,"column":null}},"67":{"start":{"line":260,"column":35},"end":{"line":260,"column":null}},"68":{"start":{"line":271,"column":8},"end":{"line":271,"column":null}},"69":{"start":{"line":283,"column":31},"end":{"line":283,"column":null}},"70":{"start":{"line":284,"column":29},"end":{"line":284,"column":null}},"71":{"start":{"line":285,"column":30},"end":{"line":285,"column":null}},"72":{"start":{"line":288,"column":35},"end":{"line":288,"column":null}},"73":{"start":{"line":290,"column":8},"end":{"line":290,"column":67}},"74":{"start":{"line":301,"column":8},"end":{"line":304,"column":null}},"75":{"start":{"line":302,"column":31},"end":{"line":302,"column":null}},"76":{"start":{"line":303,"column":12},"end":{"line":303,"column":null}},"77":{"start":{"line":311,"column":8},"end":{"line":311,"column":null}}},"fnMap":{"0":{"name":"(anonymous_1)","decl":{"start":{"line":57,"column":4},"end":{"line":57,"column":null}},"loc":{"start":{"line":63,"column":6},"end":{"line":82,"column":null}}},"1":{"name":"(anonymous_2)","decl":{"start":{"line":85,"column":4},"end":{"line":85,"column":8}},"loc":{"start":{"line":85,"column":21},"end":{"line":85,"column":null}}},"2":{"name":"(anonymous_3)","decl":{"start":{"line":86,"column":4},"end":{"line":86,"column":8}},"loc":{"start":{"line":86,"column":24},"end":{"line":86,"column":null}}},"3":{"name":"(anonymous_4)","decl":{"start":{"line":87,"column":4},"end":{"line":87,"column":8}},"loc":{"start":{"line":87,"column":37},"end":{"line":87,"column":null}}},"4":{"name":"(anonymous_5)","decl":{"start":{"line":88,"column":4},"end":{"line":88,"column":8}},"loc":{"start":{"line":88,"column":39},"end":{"line":88,"column":null}}},"5":{"name":"(anonymous_6)","decl":{"start":{"line":89,"column":4},"end":{"line":89,"column":8}},"loc":{"start":{"line":89,"column":33},"end":{"line":89,"column":null}}},"6":{"name":"(anonymous_7)","decl":{"start":{"line":90,"column":4},"end":{"line":90,"column":8}},"loc":{"start":{"line":90,"column":29},"end":{"line":90,"column":null}}},"7":{"name":"(anonymous_8)","decl":{"start":{"line":91,"column":4},"end":{"line":91,"column":8}},"loc":{"start":{"line":91,"column":32},"end":{"line":91,"column":null}}},"8":{"name":"(anonymous_9)","decl":{"start":{"line":92,"column":4},"end":{"line":92,"column":8}},"loc":{"start":{"line":92,"column":29},"end":{"line":92,"column":null}}},"9":{"name":"(anonymous_10)","decl":{"start":{"line":93,"column":4},"end":{"line":93,"column":8}},"loc":{"start":{"line":93,"column":26},"end":{"line":93,"column":null}}},"10":{"name":"(anonymous_11)","decl":{"start":{"line":102,"column":4},"end":{"line":102,"column":11}},"loc":{"start":{"line":102,"column":40},"end":{"line":107,"column":null}}},"11":{"name":"(anonymous_12)","decl":{"start":{"line":116,"column":4},"end":{"line":116,"column":23}},"loc":{"start":{"line":116,"column":23},"end":{"line":124,"column":null}}},"12":{"name":"(anonymous_13)","decl":{"start":{"line":134,"column":4},"end":{"line":134,"column":13}},"loc":{"start":{"line":134,"column":36},"end":{"line":147,"column":null}}},"13":{"name":"(anonymous_14)","decl":{"start":{"line":156,"column":4},"end":{"line":156,"column":16}},"loc":{"start":{"line":156,"column":39},"end":{"line":161,"column":null}}},"14":{"name":"(anonymous_15)","decl":{"start":{"line":171,"column":4},"end":{"line":171,"column":14}},"loc":{"start":{"line":171,"column":62},"end":{"line":182,"column":null}}},"15":{"name":"(anonymous_16)","decl":{"start":{"line":187,"column":4},"end":{"line":187,"column":24}},"loc":{"start":{"line":187,"column":24},"end":{"line":190,"column":null}}},"16":{"name":"(anonymous_17)","decl":{"start":{"line":195,"column":4},"end":{"line":195,"column":26}},"loc":{"start":{"line":195,"column":26},"end":{"line":197,"column":null}}},"17":{"name":"(anonymous_18)","decl":{"start":{"line":202,"column":4},"end":{"line":202,"column":26}},"loc":{"start":{"line":202,"column":26},"end":{"line":204,"column":null}}},"18":{"name":"(anonymous_19)","decl":{"start":{"line":213,"column":4},"end":{"line":213,"column":16}},"loc":{"start":{"line":213,"column":62},"end":{"line":223,"column":null}}},"19":{"name":"(anonymous_20)","decl":{"start":{"line":228,"column":4},"end":{"line":228,"column":26}},"loc":{"start":{"line":228,"column":66},"end":{"line":230,"column":null}}},"20":{"name":"(anonymous_21)","decl":{"start":{"line":239,"column":4},"end":{"line":239,"column":40}},"loc":{"start":{"line":239,"column":40},"end":{"line":248,"column":null}}},"21":{"name":"(anonymous_22)","decl":{"start":{"line":245,"column":20},"end":{"line":245,"column":21}},"loc":{"start":{"line":245,"column":41},"end":{"line":245,"column":59}}},"22":{"name":"(anonymous_23)","decl":{"start":{"line":257,"column":4},"end":{"line":257,"column":30}},"loc":{"start":{"line":257,"column":59},"end":{"line":261,"column":null}}},"23":{"name":"(anonymous_24)","decl":{"start":{"line":259,"column":20},"end":{"line":259,"column":21}},"loc":{"start":{"line":259,"column":40},"end":{"line":259,"column":null}}},"24":{"name":"(anonymous_25)","decl":{"start":{"line":260,"column":17},"end":{"line":260,"column":18}},"loc":{"start":{"line":260,"column":35},"end":{"line":260,"column":null}}},"25":{"name":"(anonymous_26)","decl":{"start":{"line":270,"column":4},"end":{"line":270,"column":24}},"loc":{"start":{"line":270,"column":52},"end":{"line":272,"column":null}}},"26":{"name":"(anonymous_27)","decl":{"start":{"line":282,"column":4},"end":{"line":282,"column":40}},"loc":{"start":{"line":282,"column":68},"end":{"line":291,"column":null}}},"27":{"name":"(anonymous_28)","decl":{"start":{"line":300,"column":4},"end":{"line":300,"column":24}},"loc":{"start":{"line":300,"column":85},"end":{"line":305,"column":null}}},"28":{"name":"(anonymous_29)","decl":{"start":{"line":301,"column":33},"end":{"line":301,"column":null}},"loc":{"start":{"line":301,"column":33},"end":{"line":304,"column":null}}},"29":{"name":"(anonymous_30)","decl":{"start":{"line":310,"column":4},"end":{"line":310,"column":23}},"loc":{"start":{"line":310,"column":23},"end":{"line":312,"column":null}}}},"branchMap":{"0":{"loc":{"start":{"line":62,"column":8},"end":{"line":62,"column":34}},"type":"default-arg","locations":[{"start":{"line":62,"column":33},"end":{"line":62,"column":34}}]},"1":{"loc":{"start":{"line":64,"column":8},"end":{"line":66,"column":null}},"type":"if","locations":[{"start":{"line":64,"column":8},"end":{"line":66,"column":null}}]},"2":{"loc":{"start":{"line":64,"column":12},"end":{"line":64,"column":43}},"type":"binary-expr","locations":[{"start":{"line":64,"column":12},"end":{"line":64,"column":19}},{"start":{"line":64,"column":19},"end":{"line":64,"column":43}}]},"3":{"loc":{"start":{"line":68,"column":8},"end":{"line":70,"column":null}},"type":"if","locations":[{"start":{"line":68,"column":8},"end":{"line":70,"column":null}}]},"4":{"loc":{"start":{"line":68,"column":12},"end":{"line":68,"column":49}},"type":"binary-expr","locations":[{"start":{"line":68,"column":12},"end":{"line":68,"column":22}},{"start":{"line":68,"column":22},"end":{"line":68,"column":49}}]},"5":{"loc":{"start":{"line":72,"column":8},"end":{"line":74,"column":null}},"type":"if","locations":[{"start":{"line":72,"column":8},"end":{"line":74,"column":null}}]},"6":{"loc":{"start":{"line":103,"column":8},"end":{"line":105,"column":null}},"type":"if","locations":[{"start":{"line":103,"column":8},"end":{"line":105,"column":null}}]},"7":{"loc":{"start":{"line":103,"column":12},"end":{"line":103,"column":55}},"type":"binary-expr","locations":[{"start":{"line":103,"column":12},"end":{"line":103,"column":22}},{"start":{"line":103,"column":22},"end":{"line":103,"column":55}}]},"8":{"loc":{"start":{"line":135,"column":8},"end":{"line":137,"column":null}},"type":"if","locations":[{"start":{"line":135,"column":8},"end":{"line":137,"column":null}}]},"9":{"loc":{"start":{"line":135,"column":12},"end":{"line":135,"column":53}},"type":"binary-expr","locations":[{"start":{"line":135,"column":12},"end":{"line":135,"column":24}},{"start":{"line":135,"column":24},"end":{"line":135,"column":53}}]},"10":{"loc":{"start":{"line":140,"column":8},"end":{"line":142,"column":null}},"type":"if","locations":[{"start":{"line":140,"column":8},"end":{"line":142,"column":null}}]},"11":{"loc":{"start":{"line":144,"column":8},"end":{"line":146,"column":null}},"type":"if","locations":[{"start":{"line":144,"column":8},"end":{"line":146,"column":null}}]},"12":{"loc":{"start":{"line":158,"column":8},"end":{"line":160,"column":null}},"type":"if","locations":[{"start":{"line":158,"column":8},"end":{"line":160,"column":null}}]},"13":{"loc":{"start":{"line":172,"column":8},"end":{"line":174,"column":null}},"type":"if","locations":[{"start":{"line":172,"column":8},"end":{"line":174,"column":null}}]},"14":{"loc":{"start":{"line":172,"column":12},"end":{"line":172,"column":55}},"type":"binary-expr","locations":[{"start":{"line":172,"column":12},"end":{"line":172,"column":25}},{"start":{"line":172,"column":25},"end":{"line":172,"column":55}}]},"15":{"loc":{"start":{"line":176,"column":8},"end":{"line":178,"column":null}},"type":"if","locations":[{"start":{"line":176,"column":8},"end":{"line":178,"column":null}}]},"16":{"loc":{"start":{"line":214,"column":8},"end":{"line":216,"column":null}},"type":"if","locations":[{"start":{"line":214,"column":8},"end":{"line":216,"column":null}}]},"17":{"loc":{"start":{"line":214,"column":12},"end":{"line":214,"column":59}},"type":"binary-expr","locations":[{"start":{"line":214,"column":12},"end":{"line":214,"column":27}},{"start":{"line":214,"column":27},"end":{"line":214,"column":59}}]},"18":{"loc":{"start":{"line":218,"column":8},"end":{"line":220,"column":null}},"type":"if","locations":[{"start":{"line":218,"column":8},"end":{"line":220,"column":null}}]},"19":{"loc":{"start":{"line":218,"column":12},"end":{"line":218,"column":46}},"type":"binary-expr","locations":[{"start":{"line":218,"column":12},"end":{"line":218,"column":30}},{"start":{"line":218,"column":30},"end":{"line":218,"column":46}}]},"20":{"loc":{"start":{"line":240,"column":8},"end":{"line":242,"column":null}},"type":"if","locations":[{"start":{"line":240,"column":8},"end":{"line":242,"column":null}}]}},"s":{"0":41,"1":41,"2":41,"3":41,"4":1,"5":40,"6":1,"7":39,"8":1,"9":38,"10":38,"11":38,"12":38,"13":38,"14":38,"15":2,"16":2,"17":1,"18":4,"19":4,"20":5,"21":1,"22":3,"23":0,"24":2,"25":0,"26":2,"27":2,"28":2,"29":2,"30":14,"31":14,"32":14,"33":2,"34":8,"35":0,"36":8,"37":8,"38":1,"39":7,"40":6,"41":1,"42":1,"43":1,"44":3,"45":0,"46":3,"47":1,"48":2,"49":2,"50":1,"51":1,"52":4,"53":3,"54":15,"55":0,"56":15,"57":2,"58":13,"59":2,"60":4,"61":1,"62":3,"63":5,"64":3,"65":2,"66":6,"67":3,"68":7,"69":1,"70":1,"71":1,"72":1,"73":1,"74":1,"75":2,"76":2,"77":1},"f":{"0":41,"1":2,"2":2,"3":1,"4":4,"5":4,"6":5,"7":1,"8":3,"9":0,"10":2,"11":2,"12":8,"13":1,"14":3,"15":1,"16":4,"17":3,"18":15,"19":2,"20":4,"21":5,"22":2,"23":6,"24":3,"25":7,"26":1,"27":1,"28":2,"29":1},"b":{"0":[38],"1":[1],"2":[41,40],"3":[1],"4":[40,39],"5":[1],"6":[0],"7":[2,2],"8":[0],"9":[8,8],"10":[1],"11":[6],"12":[1],"13":[0],"14":[3,3],"15":[1],"16":[0],"17":[15,15],"18":[2],"19":[15,14],"20":[1]}}
,"/Users/jessicadoner/Projects/research-papers/research-paper-discovery-web/src/domain/entities/Paper.ts": {"path":"/Users/jessicadoner/Projects/research-papers/research-paper-discovery-web/src/domain/entities/Paper.ts","statementMap":{"0":{"start":{"line":90,"column":13},"end":{"line":90,"column":null}},"1":{"start":{"line":44,"column":28},"end":{"line":47,"column":null}},"2":{"start":{"line":49,"column":23},"end":{"line":53,"column":null}},"3":{"start":{"line":55,"column":23},"end":{"line":62,"column":null}},"4":{"start":{"line":119,"column":8},"end":{"line":121,"column":null}},"5":{"start":{"line":120,"column":12},"end":{"line":120,"column":null}},"6":{"start":{"line":133,"column":8},"end":{"line":135,"column":null}},"7":{"start":{"line":134,"column":12},"end":{"line":134,"column":null}},"8":{"start":{"line":137,"column":8},"end":{"line":141,"column":null}},"9":{"start":{"line":138,"column":12},"end":{"line":140,"column":null}},"10":{"start":{"line":139,"column":16},"end":{"line":139,"column":null}},"11":{"start":{"line":153,"column":8},"end":{"line":155,"column":null}},"12":{"start":{"line":154,"column":12},"end":{"line":154,"column":null}},"13":{"start":{"line":167,"column":8},"end":{"line":169,"column":null}},"14":{"start":{"line":168,"column":12},"end":{"line":168,"column":null}},"15":{"start":{"line":101,"column":21},"end":{"line":101,"column":null}},"16":{"start":{"line":102,"column":21},"end":{"line":102,"column":null}},"17":{"start":{"line":185,"column":8},"end":{"line":185,"column":null}},"18":{"start":{"line":186,"column":8},"end":{"line":186,"column":null}},"19":{"start":{"line":187,"column":8},"end":{"line":187,"column":null}},"20":{"start":{"line":188,"column":8},"end":{"line":188,"column":null}},"21":{"start":{"line":191,"column":8},"end":{"line":191,"column":null}},"22":{"start":{"line":192,"column":8},"end":{"line":192,"column":null}},"23":{"start":{"line":193,"column":8},"end":{"line":193,"column":null}},"24":{"start":{"line":194,"column":8},"end":{"line":194,"column":null}},"25":{"start":{"line":195,"column":8},"end":{"line":195,"column":null}},"26":{"start":{"line":196,"column":8},"end":{"line":196,"column":null}},"27":{"start":{"line":197,"column":8},"end":{"line":197,"column":null}},"28":{"start":{"line":198,"column":8},"end":{"line":198,"column":null}},"29":{"start":{"line":199,"column":8},"end":{"line":199,"column":null}},"30":{"start":{"line":200,"column":8},"end":{"line":200,"column":null}},"31":{"start":{"line":212,"column":8},"end":{"line":214,"column":null}},"32":{"start":{"line":213,"column":12},"end":{"line":213,"column":null}},"33":{"start":{"line":216,"column":8},"end":{"line":218,"column":null}},"34":{"start":{"line":231,"column":8},"end":{"line":233,"column":null}},"35":{"start":{"line":232,"column":12},"end":{"line":232,"column":null}},"36":{"start":{"line":235,"column":8},"end":{"line":237,"column":null}},"37":{"start":{"line":251,"column":8},"end":{"line":254,"column":null}},"38":{"start":{"line":253,"column":12},"end":{"line":253,"column":null}},"39":{"start":{"line":256,"column":8},"end":{"line":258,"column":null}},"40":{"start":{"line":257,"column":12},"end":{"line":257,"column":null}},"41":{"start":{"line":260,"column":8},"end":{"line":262,"column":null}},"42":{"start":{"line":261,"column":12},"end":{"line":261,"column":null}},"43":{"start":{"line":265,"column":24},"end":{"line":265,"column":null}},"44":{"start":{"line":266,"column":8},"end":{"line":268,"column":null}},"45":{"start":{"line":267,"column":12},"end":{"line":267,"column":null}},"46":{"start":{"line":270,"column":28},"end":{"line":270,"column":null}},"47":{"start":{"line":271,"column":25},"end":{"line":271,"column":null}},"48":{"start":{"line":273,"column":8},"end":{"line":275,"column":null}},"49":{"start":{"line":283,"column":8},"end":{"line":283,"column":null}},"50":{"start":{"line":290,"column":8},"end":{"line":290,"column":null}},"51":{"start":{"line":297,"column":8},"end":{"line":297,"column":null}},"52":{"start":{"line":304,"column":8},"end":{"line":304,"column":null}},"53":{"start":{"line":311,"column":8},"end":{"line":311,"column":null}},"54":{"start":{"line":318,"column":8},"end":{"line":318,"column":null}},"55":{"start":{"line":325,"column":8},"end":{"line":325,"column":null}},"56":{"start":{"line":332,"column":8},"end":{"line":332,"column":null}},"57":{"start":{"line":339,"column":8},"end":{"line":339,"column":null}},"58":{"start":{"line":346,"column":8},"end":{"line":346,"column":null}},"59":{"start":{"line":353,"column":8},"end":{"line":353,"column":null}},"60":{"start":{"line":360,"column":27},"end":{"line":360,"column":null}},"61":{"start":{"line":361,"column":8},"end":{"line":363,"column":null}},"62":{"start":{"line":362,"column":12},"end":{"line":362,"column":null}},"63":{"start":{"line":366,"column":27},"end":{"line":366,"column":null}},"64":{"start":{"line":367,"column":8},"end":{"line":369,"column":null}},"65":{"start":{"line":368,"column":12},"end":{"line":368,"column":null}},"66":{"start":{"line":371,"column":8},"end":{"line":371,"column":null}},"67":{"start":{"line":379,"column":8},"end":{"line":379,"column":null}},"68":{"start":{"line":386,"column":8},"end":{"line":386,"column":null}},"69":{"start":{"line":393,"column":8},"end":{"line":393,"column":null}},"70":{"start":{"line":398,"column":8},"end":{"line":398,"column":null}},"71":{"start":{"line":405,"column":33},"end":{"line":405,"column":35}},"72":{"start":{"line":406,"column":40},"end":{"line":406,"column":42}},"73":{"start":{"line":409,"column":8},"end":{"line":412,"column":null}},"74":{"start":{"line":410,"column":12},"end":{"line":410,"column":null}},"75":{"start":{"line":411,"column":12},"end":{"line":411,"column":null}},"76":{"start":{"line":415,"column":8},"end":{"line":417,"column":null}},"77":{"start":{"line":416,"column":12},"end":{"line":416,"column":null}},"78":{"start":{"line":419,"column":8},"end":{"line":421,"column":null}},"79":{"start":{"line":420,"column":12},"end":{"line":420,"column":null}},"80":{"start":{"line":424,"column":8},"end":{"line":431,"column":null}},"81":{"start":{"line":425,"column":12},"end":{"line":430,"column":null}},"82":{"start":{"line":426,"column":16},"end":{"line":429,"column":null}},"83":{"start":{"line":427,"column":20},"end":{"line":427,"column":null}},"84":{"start":{"line":428,"column":20},"end":{"line":428,"column":null}},"85":{"start":{"line":433,"column":8},"end":{"line":437,"column":null}},"86":{"start":{"line":450,"column":27},"end":{"line":452,"column":null}},"87":{"start":{"line":454,"column":22},"end":{"line":454,"column":null}},"88":{"start":{"line":457,"column":32},"end":{"line":457,"column":58}},"89":{"start":{"line":459,"column":8},"end":{"line":462,"column":null}},"90":{"start":{"line":461,"column":12},"end":{"line":461,"column":null}},"91":{"start":{"line":465,"column":8},"end":{"line":480,"column":null}},"92":{"start":{"line":466,"column":12},"end":{"line":466,"column":null}},"93":{"start":{"line":468,"column":30},"end":{"line":468,"column":null}},"94":{"start":{"line":469,"column":36},"end":{"line":472,"column":null}},"95":{"start":{"line":475,"column":12},"end":{"line":479,"column":null}},"96":{"start":{"line":476,"column":16},"end":{"line":476,"column":null}},"97":{"start":{"line":478,"column":16},"end":{"line":478,"column":null}},"98":{"start":{"line":482,"column":8},"end":{"line":482,"column":null}},"99":{"start":{"line":494,"column":8},"end":{"line":494,"column":null}},"100":{"start":{"line":501,"column":8},"end":{"line":503,"column":null}},"101":{"start":{"line":502,"column":12},"end":{"line":502,"column":null}},"102":{"start":{"line":505,"column":8},"end":{"line":505,"column":null}},"103":{"start":{"line":512,"column":24},"end":{"line":514,"column":null}},"104":{"start":{"line":516,"column":8},"end":{"line":516,"column":null}},"105":{"start":{"line":532,"column":19},"end":{"line":532,"column":null}},"106":{"start":{"line":533,"column":8},"end":{"line":537,"column":null}},"107":{"start":{"line":533,"column":21},"end":{"line":533,"column":24}},"108":{"start":{"line":534,"column":25},"end":{"line":534,"column":null}},"109":{"start":{"line":535,"column":12},"end":{"line":535,"column":null}},"110":{"start":{"line":536,"column":12},"end":{"line":536,"column":32}},"111":{"start":{"line":538,"column":8},"end":{"line":538,"column":null}},"112":{"start":{"line":550,"column":19},"end":{"line":550,"column":null}},"113":{"start":{"line":551,"column":8},"end":{"line":555,"column":null}},"114":{"start":{"line":551,"column":21},"end":{"line":551,"column":24}},"115":{"start":{"line":552,"column":25},"end":{"line":552,"column":null}},"116":{"start":{"line":553,"column":12},"end":{"line":553,"column":null}},"117":{"start":{"line":554,"column":12},"end":{"line":554,"column":32}},"118":{"start":{"line":556,"column":8},"end":{"line":556,"column":null}}},"fnMap":{"0":{"name":"(anonymous_1)","decl":{"start":{"line":118,"column":4},"end":{"line":118,"column":25}},"loc":{"start":{"line":118,"column":48},"end":{"line":122,"column":null}}},"1":{"name":"(anonymous_2)","decl":{"start":{"line":132,"column":4},"end":{"line":132,"column":27}},"loc":{"start":{"line":132,"column":54},"end":{"line":142,"column":null}}},"2":{"name":"(anonymous_3)","decl":{"start":{"line":152,"column":4},"end":{"line":152,"column":23}},"loc":{"start":{"line":152,"column":51},"end":{"line":156,"column":null}}},"3":{"name":"(anonymous_4)","decl":{"start":{"line":166,"column":4},"end":{"line":166,"column":27}},"loc":{"start":{"line":166,"column":59},"end":{"line":170,"column":null}}},"4":{"name":"(anonymous_5)","decl":{"start":{"line":184,"column":4},"end":{"line":184,"column":24}},"loc":{"start":{"line":184,"column":61},"end":{"line":201,"column":null}}},"5":{"name":"(anonymous_6)","decl":{"start":{"line":211,"column":4},"end":{"line":211,"column":11}},"loc":{"start":{"line":211,"column":86},"end":{"line":220,"column":null}}},"6":{"name":"(anonymous_7)","decl":{"start":{"line":230,"column":4},"end":{"line":230,"column":11}},"loc":{"start":{"line":230,"column":90},"end":{"line":239,"column":null}}},"7":{"name":"(anonymous_8)","decl":{"start":{"line":249,"column":4},"end":{"line":249,"column":11}},"loc":{"start":{"line":249,"column":86},"end":{"line":277,"column":null}}},"8":{"name":"(anonymous_9)","decl":{"start":{"line":282,"column":4},"end":{"line":282,"column":8}},"loc":{"start":{"line":282,"column":27},"end":{"line":284,"column":null}}},"9":{"name":"(anonymous_10)","decl":{"start":{"line":289,"column":4},"end":{"line":289,"column":8}},"loc":{"start":{"line":289,"column":29},"end":{"line":291,"column":null}}},"10":{"name":"(anonymous_11)","decl":{"start":{"line":296,"column":4},"end":{"line":296,"column":8}},"loc":{"start":{"line":296,"column":33},"end":{"line":298,"column":null}}},"11":{"name":"(anonymous_12)","decl":{"start":{"line":303,"column":4},"end":{"line":303,"column":8}},"loc":{"start":{"line":303,"column":24},"end":{"line":305,"column":null}}},"12":{"name":"(anonymous_13)","decl":{"start":{"line":310,"column":4},"end":{"line":310,"column":8}},"loc":{"start":{"line":310,"column":37},"end":{"line":312,"column":null}}},"13":{"name":"(anonymous_14)","decl":{"start":{"line":317,"column":4},"end":{"line":317,"column":8}},"loc":{"start":{"line":317,"column":27},"end":{"line":319,"column":null}}},"14":{"name":"(anonymous_15)","decl":{"start":{"line":324,"column":4},"end":{"line":324,"column":8}},"loc":{"start":{"line":324,"column":39},"end":{"line":326,"column":null}}},"15":{"name":"(anonymous_16)","decl":{"start":{"line":331,"column":4},"end":{"line":331,"column":8}},"loc":{"start":{"line":331,"column":42},"end":{"line":333,"column":null}}},"16":{"name":"(anonymous_17)","decl":{"start":{"line":338,"column":4},"end":{"line":338,"column":8}},"loc":{"start":{"line":338,"column":38},"end":{"line":340,"column":null}}},"17":{"name":"(anonymous_18)","decl":{"start":{"line":345,"column":4},"end":{"line":345,"column":8}},"loc":{"start":{"line":345,"column":34},"end":{"line":347,"column":null}}},"18":{"name":"(anonymous_19)","decl":{"start":{"line":352,"column":4},"end":{"line":352,"column":23}},"loc":{"start":{"line":352,"column":23},"end":{"line":354,"column":null}}},"19":{"name":"(anonymous_20)","decl":{"start":{"line":359,"column":4},"end":{"line":359,"column":36}},"loc":{"start":{"line":359,"column":36},"end":{"line":372,"column":null}}},"20":{"name":"(anonymous_21)","decl":{"start":{"line":378,"column":4},"end":{"line":378,"column":43}},"loc":{"start":{"line":378,"column":43},"end":{"line":380,"column":null}}},"21":{"name":"(anonymous_22)","decl":{"start":{"line":385,"column":4},"end":{"line":385,"column":8}},"loc":{"start":{"line":385,"column":61},"end":{"line":387,"column":null}}},"22":{"name":"(anonymous_23)","decl":{"start":{"line":392,"column":4},"end":{"line":392,"column":26}},"loc":{"start":{"line":392,"column":62},"end":{"line":394,"column":null}}},"23":{"name":"(anonymous_24)","decl":{"start":{"line":397,"column":4},"end":{"line":397,"column":27}},"loc":{"start":{"line":397,"column":27},"end":{"line":399,"column":null}}},"24":{"name":"(anonymous_25)","decl":{"start":{"line":404,"column":4},"end":{"line":404,"column":47}},"loc":{"start":{"line":404,"column":47},"end":{"line":438,"column":null}}},"25":{"name":"(anonymous_26)","decl":{"start":{"line":448,"column":4},"end":{"line":448,"column":20}},"loc":{"start":{"line":448,"column":87},"end":{"line":483,"column":null}}},"26":{"name":"(anonymous_27)","decl":{"start":{"line":493,"column":4},"end":{"line":493,"column":27}},"loc":{"start":{"line":493,"column":94},"end":{"line":495,"column":null}}},"27":{"name":"(anonymous_28)","decl":{"start":{"line":500,"column":4},"end":{"line":500,"column":11}},"loc":{"start":{"line":500,"column":34},"end":{"line":506,"column":null}}},"28":{"name":"(anonymous_29)","decl":{"start":{"line":511,"column":4},"end":{"line":511,"column":23}},"loc":{"start":{"line":511,"column":23},"end":{"line":517,"column":null}}},"29":{"name":"(anonymous_30)","decl":{"start":{"line":531,"column":4},"end":{"line":531,"column":19}},"loc":{"start":{"line":531,"column":51},"end":{"line":539,"column":null}}},"30":{"name":"(anonymous_31)","decl":{"start":{"line":549,"column":4},"end":{"line":549,"column":19}},"loc":{"start":{"line":549,"column":57},"end":{"line":557,"column":null}}}},"branchMap":{"0":{"loc":{"start":{"line":119,"column":8},"end":{"line":121,"column":null}},"type":"if","locations":[{"start":{"line":119,"column":8},"end":{"line":121,"column":null}}]},"1":{"loc":{"start":{"line":119,"column":12},"end":{"line":119,"column":49}},"type":"binary-expr","locations":[{"start":{"line":119,"column":12},"end":{"line":119,"column":22}},{"start":{"line":119,"column":22},"end":{"line":119,"column":49}}]},"2":{"loc":{"start":{"line":133,"column":8},"end":{"line":135,"column":null}},"type":"if","locations":[{"start":{"line":133,"column":8},"end":{"line":135,"column":null}}]},"3":{"loc":{"start":{"line":133,"column":12},"end":{"line":133,"column":46}},"type":"binary-expr","locations":[{"start":{"line":133,"column":12},"end":{"line":133,"column":24}},{"start":{"line":133,"column":24},"end":{"line":133,"column":46}}]},"4":{"loc":{"start":{"line":138,"column":12},"end":{"line":140,"column":null}},"type":"if","locations":[{"start":{"line":138,"column":12},"end":{"line":140,"column":null}}]},"5":{"loc":{"start":{"line":138,"column":16},"end":{"line":138,"column":55}},"type":"binary-expr","locations":[{"start":{"line":138,"column":16},"end":{"line":138,"column":27}},{"start":{"line":138,"column":27},"end":{"line":138,"column":55}}]},"6":{"loc":{"start":{"line":153,"column":8},"end":{"line":155,"column":null}},"type":"if","locations":[{"start":{"line":153,"column":8},"end":{"line":155,"column":null}}]},"7":{"loc":{"start":{"line":153,"column":12},"end":{"line":153,"column":55}},"type":"binary-expr","locations":[{"start":{"line":153,"column":12},"end":{"line":153,"column":19}},{"start":{"line":153,"column":19},"end":{"line":153,"column":55}}]},"8":{"loc":{"start":{"line":167,"column":8},"end":{"line":169,"column":null}},"type":"if","locations":[{"start":{"line":167,"column":8},"end":{"line":169,"column":null}}]},"9":{"loc":{"start":{"line":167,"column":12},"end":{"line":167,"column":68}},"type":"binary-expr","locations":[{"start":{"line":167,"column":12},"end":{"line":167,"column":23}},{"start":{"line":167,"column":23},"end":{"line":167,"column":68}}]},"10":{"loc":{"start":{"line":191,"column":20},"end":{"line":191,"column":null}},"type":"binary-expr","locations":[{"start":{"line":191,"column":20},"end":{"line":191,"column":29}},{"start":{"line":191,"column":33},"end":{"line":191,"column":null}}]},"11":{"loc":{"start":{"line":192,"column":24},"end":{"line":192,"column":null}},"type":"binary-expr","locations":[{"start":{"line":192,"column":24},"end":{"line":192,"column":37}},{"start":{"line":192,"column":41},"end":{"line":192,"column":null}}]},"12":{"loc":{"start":{"line":195,"column":25},"end":{"line":195,"column":null}},"type":"binary-expr","locations":[{"start":{"line":195,"column":25},"end":{"line":195,"column":51}},{"start":{"line":195,"column":51},"end":{"line":195,"column":null}}]},"13":{"loc":{"start":{"line":197,"column":30},"end":{"line":197,"column":null}},"type":"binary-expr","locations":[{"start":{"line":197,"column":30},"end":{"line":197,"column":49}},{"start":{"line":197,"column":53},"end":{"line":197,"column":null}}]},"14":{"loc":{"start":{"line":198,"column":24},"end":{"line":198,"column":null}},"type":"binary-expr","locations":[{"start":{"line":198,"column":24},"end":{"line":198,"column":49}},{"start":{"line":198,"column":49},"end":{"line":198,"column":null}}]},"15":{"loc":{"start":{"line":199,"column":20},"end":{"line":199,"column":null}},"type":"binary-expr","locations":[{"start":{"line":199,"column":20},"end":{"line":199,"column":41}},{"start":{"line":199,"column":41},"end":{"line":199,"column":null}}]},"16":{"loc":{"start":{"line":212,"column":8},"end":{"line":214,"column":null}},"type":"if","locations":[{"start":{"line":212,"column":8},"end":{"line":214,"column":null}}]},"17":{"loc":{"start":{"line":212,"column":12},"end":{"line":212,"column":57}},"type":"binary-expr","locations":[{"start":{"line":212,"column":12},"end":{"line":212,"column":22}},{"start":{"line":212,"column":26},"end":{"line":212,"column":57}}]},"18":{"loc":{"start":{"line":231,"column":8},"end":{"line":233,"column":null}},"type":"if","locations":[{"start":{"line":231,"column":8},"end":{"line":233,"column":null}}]},"19":{"loc":{"start":{"line":231,"column":12},"end":{"line":231,"column":65}},"type":"binary-expr","locations":[{"start":{"line":231,"column":12},"end":{"line":231,"column":26}},{"start":{"line":231,"column":30},"end":{"line":231,"column":65}}]},"20":{"loc":{"start":{"line":251,"column":8},"end":{"line":254,"column":null}},"type":"if","locations":[{"start":{"line":251,"column":8},"end":{"line":254,"column":null}}]},"21":{"loc":{"start":{"line":251,"column":12},"end":{"line":252,"column":60}},"type":"binary-expr","locations":[{"start":{"line":251,"column":13},"end":{"line":251,"column":25}},{"start":{"line":251,"column":29},"end":{"line":251,"column":null}},{"start":{"line":252,"column":13},"end":{"line":252,"column":27}},{"start":{"line":252,"column":31},"end":{"line":252,"column":60}}]},"22":{"loc":{"start":{"line":256,"column":8},"end":{"line":258,"column":null}},"type":"if","locations":[{"start":{"line":256,"column":8},"end":{"line":258,"column":null}}]},"23":{"loc":{"start":{"line":256,"column":12},"end":{"line":256,"column":61}},"type":"binary-expr","locations":[{"start":{"line":256,"column":12},"end":{"line":256,"column":24}},{"start":{"line":256,"column":28},"end":{"line":256,"column":61}}]},"24":{"loc":{"start":{"line":260,"column":8},"end":{"line":262,"column":null}},"type":"if","locations":[{"start":{"line":260,"column":8},"end":{"line":262,"column":null}}]},"25":{"loc":{"start":{"line":260,"column":12},"end":{"line":260,"column":58}},"type":"binary-expr","locations":[{"start":{"line":260,"column":12},"end":{"line":260,"column":26}},{"start":{"line":260,"column":30},"end":{"line":260,"column":58}}]},"26":{"loc":{"start":{"line":266,"column":8},"end":{"line":268,"column":null}},"type":"if","locations":[{"start":{"line":266,"column":8},"end":{"line":268,"column":null}}]},"27":{"loc":{"start":{"line":332,"column":15},"end":{"line":332,"column":null}},"type":"binary-expr","locations":[{"start":{"line":332,"column":15},"end":{"line":332,"column":34}},{"start":{"line":332,"column":38},"end":{"line":332,"column":null}}]},"28":{"loc":{"start":{"line":339,"column":15},"end":{"line":339,"column":null}},"type":"binary-expr","locations":[{"start":{"line":339,"column":15},"end":{"line":339,"column":28}},{"start":{"line":339,"column":32},"end":{"line":339,"column":null}}]},"29":{"loc":{"start":{"line":346,"column":15},"end":{"line":346,"column":null}},"type":"binary-expr","locations":[{"start":{"line":346,"column":15},"end":{"line":346,"column":24}},{"start":{"line":346,"column":28},"end":{"line":346,"column":null}}]},"30":{"loc":{"start":{"line":361,"column":8},"end":{"line":363,"column":null}},"type":"if","locations":[{"start":{"line":361,"column":8},"end":{"line":363,"column":null}}]},"31":{"loc":{"start":{"line":366,"column":27},"end":{"line":366,"column":null}},"type":"binary-expr","locations":[{"start":{"line":366,"column":27},"end":{"line":366,"column":41}},{"start":{"line":366,"column":45},"end":{"line":366,"column":null}}]},"32":{"loc":{"start":{"line":367,"column":8},"end":{"line":369,"column":null}},"type":"if","locations":[{"start":{"line":367,"column":8},"end":{"line":369,"column":null}}]},"33":{"loc":{"start":{"line":398,"column":15},"end":{"line":398,"column":null}},"type":"binary-expr","locations":[{"start":{"line":398,"column":15},"end":{"line":398,"column":57}},{"start":{"line":398,"column":57},"end":{"line":398,"column":null}}]},"34":{"loc":{"start":{"line":409,"column":8},"end":{"line":412,"column":null}},"type":"if","locations":[{"start":{"line":409,"column":8},"end":{"line":412,"column":null}}]},"35":{"loc":{"start":{"line":415,"column":8},"end":{"line":417,"column":null}},"type":"if","locations":[{"start":{"line":415,"column":8},"end":{"line":417,"column":null}}]},"36":{"loc":{"start":{"line":419,"column":8},"end":{"line":421,"column":null}},"type":"if","locations":[{"start":{"line":419,"column":8},"end":{"line":421,"column":null}}]},"37":{"loc":{"start":{"line":419,"column":12},"end":{"line":419,"column":58}},"type":"binary-expr","locations":[{"start":{"line":419,"column":12},"end":{"line":419,"column":26}},{"start":{"line":419,"column":30},"end":{"line":419,"column":58}}]},"38":{"loc":{"start":{"line":424,"column":8},"end":{"line":431,"column":null}},"type":"if","locations":[{"start":{"line":424,"column":8},"end":{"line":431,"column":null}}]},"39":{"loc":{"start":{"line":426,"column":16},"end":{"line":429,"column":null}},"type":"if","locations":[{"start":{"line":426,"column":16},"end":{"line":429,"column":null}}]},"40":{"loc":{"start":{"line":426,"column":20},"end":{"line":426,"column":59}},"type":"binary-expr","locations":[{"start":{"line":426,"column":20},"end":{"line":426,"column":31}},{"start":{"line":426,"column":31},"end":{"line":426,"column":59}}]},"41":{"loc":{"start":{"line":434,"column":21},"end":{"line":434,"column":null}},"type":"binary-expr","locations":[{"start":{"line":434,"column":21},"end":{"line":434,"column":44}},{"start":{"line":434,"column":44},"end":{"line":434,"column":null}}]},"42":{"loc":{"start":{"line":448,"column":20},"end":{"line":448,"column":77}},"type":"default-arg","locations":[{"start":{"line":448,"column":40},"end":{"line":448,"column":77}}]},"43":{"loc":{"start":{"line":450,"column":27},"end":{"line":452,"column":null}},"type":"cond-expr","locations":[{"start":{"line":451,"column":14},"end":{"line":451,"column":null}},{"start":{"line":452,"column":14},"end":{"line":452,"column":null}}]},"44":{"loc":{"start":{"line":459,"column":8},"end":{"line":462,"column":null}},"type":"if","locations":[{"start":{"line":459,"column":8},"end":{"line":462,"column":null}}]},"45":{"loc":{"start":{"line":465,"column":8},"end":{"line":480,"column":null}},"type":"if","locations":[{"start":{"line":465,"column":8},"end":{"line":480,"column":null}},{"start":{"line":467,"column":15},"end":{"line":480,"column":null}}]},"46":{"loc":{"start":{"line":475,"column":12},"end":{"line":479,"column":null}},"type":"if","locations":[{"start":{"line":475,"column":12},"end":{"line":479,"column":null}},{"start":{"line":477,"column":19},"end":{"line":479,"column":null}}]},"47":{"loc":{"start":{"line":493,"column":27},"end":{"line":493,"column":84}},"type":"default-arg","locations":[{"start":{"line":493,"column":47},"end":{"line":493,"column":84}}]},"48":{"loc":{"start":{"line":501,"column":8},"end":{"line":503,"column":null}},"type":"if","locations":[{"start":{"line":501,"column":8},"end":{"line":503,"column":null}}]},"49":{"loc":{"start":{"line":512,"column":24},"end":{"line":514,"column":null}},"type":"cond-expr","locations":[{"start":{"line":513,"column":14},"end":{"line":513,"column":null}},{"start":{"line":514,"column":14},"end":{"line":514,"column":null}}]}},"s":{"0":11,"1":1,"2":1,"3":1,"4":10,"5":0,"6":10,"7":0,"8":10,"9":16,"10":1,"11":9,"12":0,"13":9,"14":0,"15":10,"16":10,"17":10,"18":10,"19":9,"20":9,"21":9,"22":9,"23":9,"24":9,"25":9,"26":9,"27":9,"28":9,"29":9,"30":9,"31":9,"32":0,"33":9,"34":1,"35":0,"36":1,"37":1,"38":1,"39":0,"40":0,"41":0,"42":0,"43":0,"44":0,"45":0,"46":0,"47":0,"48":0,"49":2,"50":2,"51":1,"52":1,"53":2,"54":1,"55":0,"56":0,"57":0,"58":0,"59":2,"60":2,"61":2,"62":0,"63":2,"64":2,"65":1,"66":1,"67":2,"68":2,"69":1,"70":1,"71":2,"72":2,"73":2,"74":0,"75":0,"76":2,"77":0,"78":2,"79":0,"80":2,"81":2,"82":2,"83":0,"84":0,"85":2,"86":1,"87":1,"88":1,"89":1,"90":1,"91":0,"92":0,"93":0,"94":0,"95":0,"96":0,"97":0,"98":0,"99":1,"100":1,"101":0,"102":1,"103":0,"104":0,"105":0,"106":0,"107":0,"108":0,"109":0,"110":0,"111":0,"112":2,"113":2,"114":2,"115":36,"116":36,"117":36,"118":2},"f":{"0":10,"1":10,"2":9,"3":9,"4":10,"5":9,"6":1,"7":1,"8":2,"9":2,"10":1,"11":1,"12":2,"13":1,"14":0,"15":0,"16":0,"17":0,"18":2,"19":2,"20":2,"21":2,"22":1,"23":1,"24":2,"25":1,"26":1,"27":1,"28":0,"29":0,"30":2},"b":{"0":[0],"1":[10,10],"2":[0],"3":[10,10],"4":[1],"5":[16,15],"6":[0],"7":[9,8],"8":[0],"9":[9,1],"10":[9,1],"11":[9,8],"12":[9,6],"13":[9,9],"14":[9,9],"15":[9,9],"16":[0],"17":[9,9],"18":[0],"19":[1,1],"20":[1],"21":[1,0,1,1],"22":[0],"23":[0,0],"24":[0],"25":[0,0],"26":[0],"27":[0,0],"28":[0,0],"29":[0,0],"30":[0],"31":[2,1],"32":[1],"33":[1,1],"34":[0],"35":[0],"36":[0],"37":[2,2],"38":[2],"39":[0],"40":[2,2],"41":[2,2],"42":[0],"43":[1,0],"44":[1],"45":[0,0],"46":[0,0],"47":[0],"48":[0],"49":[0,0]}}
}
