TN:
SF:src/application/use_cases/ExtractConceptsUseCase.ts
FN:33,(anonymous_1)
FN:45,(anonymous_2)
FN:87,(anonymous_3)
FNF:3
FNH:3
FNDA:4,(anonymous_1)
FNDA:2,(anonymous_2)
FNDA:1,(anonymous_3)
DA:32,5
DA:34,4
DA:35,4
DA:36,4
DA:46,2
DA:48,2
DA:50,2
DA:52,2
DA:53,1
DA:54,1
DA:63,1
DA:65,1
DA:71,0
DA:72,0
DA:89,1
LF:15
LH:13
BRDA:52,0,0,1
BRDA:76,1,0,0
BRDA:76,1,1,0
BRF:3
BRH:1
end_of_record
TN:
SF:src/domain/entities/ConceptNode.ts
FN:57,(anonymous_1)
FN:85,(anonymous_2)
FN:86,(anonymous_3)
FN:87,(anonymous_4)
FN:88,(anonymous_5)
FN:89,(anonymous_6)
FN:90,(anonymous_7)
FN:91,(anonymous_8)
FN:92,(anonymous_9)
FN:93,(anonymous_10)
FN:102,(anonymous_11)
FN:116,(anonymous_12)
FN:134,(anonymous_13)
FN:156,(anonymous_14)
FN:171,(anonymous_15)
FN:187,(anonymous_16)
FN:195,(anonymous_17)
FN:202,(anonymous_18)
FN:213,(anonymous_19)
FN:228,(anonymous_20)
FN:239,(anonymous_21)
FN:245,(anonymous_22)
FN:257,(anonymous_23)
FN:259,(anonymous_24)
FN:260,(anonymous_25)
FN:270,(anonymous_26)
FN:282,(anonymous_27)
FN:300,(anonymous_28)
FN:301,(anonymous_29)
FN:310,(anonymous_30)
FNF:30
FNH:29
FNDA:41,(anonymous_1)
FNDA:2,(anonymous_2)
FNDA:2,(anonymous_3)
FNDA:1,(anonymous_4)
FNDA:4,(anonymous_5)
FNDA:4,(anonymous_6)
FNDA:5,(anonymous_7)
FNDA:1,(anonymous_8)
FNDA:3,(anonymous_9)
FNDA:0,(anonymous_10)
FNDA:2,(anonymous_11)
FNDA:2,(anonymous_12)
FNDA:8,(anonymous_13)
FNDA:1,(anonymous_14)
FNDA:3,(anonymous_15)
FNDA:1,(anonymous_16)
FNDA:4,(anonymous_17)
FNDA:3,(anonymous_18)
FNDA:15,(anonymous_19)
FNDA:2,(anonymous_20)
FNDA:4,(anonymous_21)
FNDA:5,(anonymous_22)
FNDA:2,(anonymous_23)
FNDA:6,(anonymous_24)
FNDA:3,(anonymous_25)
FNDA:7,(anonymous_26)
FNDA:1,(anonymous_27)
FNDA:1,(anonymous_28)
FNDA:2,(anonymous_29)
FNDA:1,(anonymous_30)
DA:34,41
DA:40,41
DA:41,41
DA:64,41
DA:65,1
DA:68,40
DA:69,1
DA:72,39
DA:73,1
DA:76,38
DA:77,38
DA:78,38
DA:79,38
DA:80,38
DA:81,38
DA:85,2
DA:86,2
DA:87,1
DA:88,4
DA:89,4
DA:90,5
DA:91,1
DA:92,3
DA:93,0
DA:103,2
DA:104,0
DA:106,2
DA:117,2
DA:118,2
DA:119,14
DA:120,14
DA:121,14
DA:123,2
DA:135,8
DA:136,0
DA:139,8
DA:140,8
DA:141,1
DA:144,7
DA:145,6
DA:157,1
DA:158,1
DA:159,1
DA:172,3
DA:173,0
DA:176,3
DA:177,1
DA:180,2
DA:181,2
DA:188,1
DA:189,1
DA:196,4
DA:203,3
DA:214,15
DA:215,0
DA:218,15
DA:219,2
DA:222,13
DA:229,2
DA:240,4
DA:241,1
DA:244,3
DA:245,5
DA:247,3
DA:258,2
DA:259,6
DA:260,3
DA:271,7
DA:283,1
DA:284,1
DA:285,1
DA:288,1
DA:290,1
DA:301,1
DA:302,2
DA:303,2
DA:311,1
LF:77
LH:72
BRDA:62,0,0,38
BRDA:64,1,0,1
BRDA:64,2,0,41
BRDA:64,2,1,40
BRDA:68,3,0,1
BRDA:68,4,0,40
BRDA:68,4,1,39
BRDA:72,5,0,1
BRDA:103,6,0,0
BRDA:103,7,0,2
BRDA:103,7,1,2
BRDA:135,8,0,0
BRDA:135,9,0,8
BRDA:135,9,1,8
BRDA:140,10,0,1
BRDA:144,11,0,6
BRDA:158,12,0,1
BRDA:172,13,0,0
BRDA:172,14,0,3
BRDA:172,14,1,3
BRDA:176,15,0,1
BRDA:214,16,0,0
BRDA:214,17,0,15
BRDA:214,17,1,15
BRDA:218,18,0,2
BRDA:218,19,0,15
BRDA:218,19,1,14
BRDA:240,20,0,1
BRF:28
BRH:24
end_of_record
TN:
SF:src/domain/entities/Paper.ts
FN:118,(anonymous_1)
FN:132,(anonymous_2)
FN:152,(anonymous_3)
FN:166,(anonymous_4)
FN:184,(anonymous_5)
FN:211,(anonymous_6)
FN:230,(anonymous_7)
FN:249,(anonymous_8)
FN:282,(anonymous_9)
FN:289,(anonymous_10)
FN:296,(anonymous_11)
FN:303,(anonymous_12)
FN:310,(anonymous_13)
FN:317,(anonymous_14)
FN:324,(anonymous_15)
FN:331,(anonymous_16)
FN:338,(anonymous_17)
FN:345,(anonymous_18)
FN:352,(anonymous_19)
FN:359,(anonymous_20)
FN:378,(anonymous_21)
FN:385,(anonymous_22)
FN:392,(anonymous_23)
FN:397,(anonymous_24)
FN:404,(anonymous_25)
FN:448,(anonymous_26)
FN:493,(anonymous_27)
FN:500,(anonymous_28)
FN:511,(anonymous_29)
FN:531,(anonymous_30)
FN:549,(anonymous_31)
FNF:31
FNH:25
FNDA:10,(anonymous_1)
FNDA:10,(anonymous_2)
FNDA:9,(anonymous_3)
FNDA:9,(anonymous_4)
FNDA:10,(anonymous_5)
FNDA:9,(anonymous_6)
FNDA:1,(anonymous_7)
FNDA:1,(anonymous_8)
FNDA:2,(anonymous_9)
FNDA:2,(anonymous_10)
FNDA:1,(anonymous_11)
FNDA:1,(anonymous_12)
FNDA:2,(anonymous_13)
FNDA:1,(anonymous_14)
FNDA:0,(anonymous_15)
FNDA:0,(anonymous_16)
FNDA:0,(anonymous_17)
FNDA:0,(anonymous_18)
FNDA:2,(anonymous_19)
FNDA:2,(anonymous_20)
FNDA:2,(anonymous_21)
FNDA:2,(anonymous_22)
FNDA:1,(anonymous_23)
FNDA:1,(anonymous_24)
FNDA:2,(anonymous_25)
FNDA:1,(anonymous_26)
FNDA:1,(anonymous_27)
FNDA:1,(anonymous_28)
FNDA:0,(anonymous_29)
FNDA:0,(anonymous_30)
FNDA:2,(anonymous_31)
DA:44,1
DA:49,1
DA:55,1
DA:90,11
DA:101,10
DA:102,10
DA:119,10
DA:120,0
DA:133,10
DA:134,0
DA:137,10
DA:138,16
DA:139,1
DA:153,9
DA:154,0
DA:167,9
DA:168,0
DA:185,10
DA:186,10
DA:187,9
DA:188,9
DA:191,9
DA:192,9
DA:193,9
DA:194,9
DA:195,9
DA:196,9
DA:197,9
DA:198,9
DA:199,9
DA:200,9
DA:212,9
DA:213,0
DA:216,9
DA:231,1
DA:232,0
DA:235,1
DA:251,1
DA:253,1
DA:256,0
DA:257,0
DA:260,0
DA:261,0
DA:265,0
DA:266,0
DA:267,0
DA:270,0
DA:271,0
DA:273,0
DA:283,2
DA:290,2
DA:297,1
DA:304,1
DA:311,2
DA:318,1
DA:325,0
DA:332,0
DA:339,0
DA:346,0
DA:353,2
DA:360,2
DA:361,2
DA:362,0
DA:366,2
DA:367,2
DA:368,1
DA:371,1
DA:379,2
DA:386,2
DA:393,1
DA:398,1
DA:405,2
DA:406,2
DA:409,2
DA:410,0
DA:411,0
DA:415,2
DA:416,0
DA:419,2
DA:420,0
DA:424,2
DA:425,2
DA:426,2
DA:427,0
DA:428,0
DA:433,2
DA:450,1
DA:454,1
DA:457,1
DA:459,1
DA:461,1
DA:465,0
DA:466,0
DA:468,0
DA:469,0
DA:475,0
DA:476,0
DA:478,0
DA:482,0
DA:494,1
DA:501,1
DA:502,0
DA:505,1
DA:512,0
DA:516,0
DA:532,0
DA:533,0
DA:534,0
DA:535,0
DA:536,0
DA:538,0
DA:550,2
DA:551,2
DA:552,36
DA:553,36
DA:554,36
DA:556,2
LF:117
LH:73
BRDA:119,0,0,0
BRDA:119,1,0,10
BRDA:119,1,1,10
BRDA:133,2,0,0
BRDA:133,3,0,10
BRDA:133,3,1,10
BRDA:138,4,0,1
BRDA:138,5,0,16
BRDA:138,5,1,15
BRDA:153,6,0,0
BRDA:153,7,0,9
BRDA:153,7,1,8
BRDA:167,8,0,0
BRDA:167,9,0,9
BRDA:167,9,1,1
BRDA:191,10,0,9
BRDA:191,10,1,1
BRDA:192,11,0,9
BRDA:192,11,1,8
BRDA:195,12,0,9
BRDA:195,12,1,6
BRDA:197,13,0,9
BRDA:197,13,1,9
BRDA:198,14,0,9
BRDA:198,14,1,9
BRDA:199,15,0,9
BRDA:199,15,1,9
BRDA:212,16,0,0
BRDA:212,17,0,9
BRDA:212,17,1,9
BRDA:231,18,0,0
BRDA:231,19,0,1
BRDA:231,19,1,1
BRDA:251,20,0,1
BRDA:251,21,0,1
BRDA:251,21,1,0
BRDA:251,21,2,1
BRDA:251,21,3,1
BRDA:256,22,0,0
BRDA:256,23,0,0
BRDA:256,23,1,0
BRDA:260,24,0,0
BRDA:260,25,0,0
BRDA:260,25,1,0
BRDA:266,26,0,0
BRDA:332,27,0,0
BRDA:332,27,1,0
BRDA:339,28,0,0
BRDA:339,28,1,0
BRDA:346,29,0,0
BRDA:346,29,1,0
BRDA:361,30,0,0
BRDA:366,31,0,2
BRDA:366,31,1,1
BRDA:367,32,0,1
BRDA:398,33,0,1
BRDA:398,33,1,1
BRDA:409,34,0,0
BRDA:415,35,0,0
BRDA:419,36,0,0
BRDA:419,37,0,2
BRDA:419,37,1,2
BRDA:424,38,0,2
BRDA:426,39,0,0
BRDA:426,40,0,2
BRDA:426,40,1,2
BRDA:434,41,0,2
BRDA:434,41,1,2
BRDA:448,42,0,0
BRDA:450,43,0,1
BRDA:450,43,1,0
BRDA:459,44,0,1
BRDA:465,45,0,0
BRDA:465,45,1,0
BRDA:475,46,0,0
BRDA:475,46,1,0
BRDA:493,47,0,0
BRDA:501,48,0,0
BRDA:512,49,0,0
BRDA:512,49,1,0
BRF:80
BRH:45
end_of_record
